Performing C SOURCE FILE Test CMAKE_HAVE_LIBC_PTHREAD failed with the following output:
Change Dir: /home/cyb/cmu15445/bustub-15445/build/CMakeFiles/CMakeTmp

Run Build Command(s):/usr/bin/make cmTC_fbfc7/fast && /usr/bin/make -f CMakeFiles/cmTC_fbfc7.dir/build.make CMakeFiles/cmTC_fbfc7.dir/build
make[1]: Entering directory '/home/cyb/cmu15445/bustub-15445/build/CMakeFiles/CMakeTmp'
Building C object CMakeFiles/cmTC_fbfc7.dir/src.c.o
/usr/bin/clang-12   -DCMAKE_HAVE_LIBC_PTHREAD -fPIE   -o CMakeFiles/cmTC_fbfc7.dir/src.c.o   -c /home/cyb/cmu15445/bustub-15445/build/CMakeFiles/CMakeTmp/src.c
Linking C executable cmTC_fbfc7
/usr/bin/cmake -E cmake_link_script CMakeFiles/cmTC_fbfc7.dir/link.txt --verbose=1
/usr/bin/clang-12  -DCMAKE_HAVE_LIBC_PTHREAD    CMakeFiles/cmTC_fbfc7.dir/src.c.o  -o cmTC_fbfc7 
/usr/bin/ld: CMakeFiles/cmTC_fbfc7.dir/src.c.o: in function `main':
src.c:(.text+0x32): undefined reference to `pthread_create'
/usr/bin/ld: src.c:(.text+0x3b): undefined reference to `pthread_detach'
/usr/bin/ld: src.c:(.text+0x48): undefined reference to `pthread_join'
clang: error: linker command failed with exit code 1 (use -v to see invocation)
make[1]: *** [CMakeFiles/cmTC_fbfc7.dir/build.make:87: cmTC_fbfc7] Error 1
make[1]: Leaving directory '/home/cyb/cmu15445/bustub-15445/build/CMakeFiles/CMakeTmp'
make: *** [Makefile:121: cmTC_fbfc7/fast] Error 2


Source file was:
#include <pthread.h>

void* test_func(void* data)
{
  return data;
}

int main(void)
{
  pthread_t thread;
  pthread_create(&thread, NULL, test_func, NULL);
  pthread_detach(thread);
  pthread_join(thread, NULL);
  pthread_atfork(NULL, NULL, NULL);
  pthread_exit(NULL);

  return 0;
}

Determining if the function pthread_create exists in the pthreads failed with the following output:
Change Dir: /home/cyb/cmu15445/bustub-15445/build/CMakeFiles/CMakeTmp

Run Build Command(s):/usr/bin/make cmTC_50b0b/fast && /usr/bin/make -f CMakeFiles/cmTC_50b0b.dir/build.make CMakeFiles/cmTC_50b0b.dir/build
make[1]: Entering directory '/home/cyb/cmu15445/bustub-15445/build/CMakeFiles/CMakeTmp'
Building C object CMakeFiles/cmTC_50b0b.dir/CheckFunctionExists.c.o
/usr/bin/clang-12   -DCHECK_FUNCTION_EXISTS=pthread_create -fPIE   -o CMakeFiles/cmTC_50b0b.dir/CheckFunctionExists.c.o   -c /usr/share/cmake-3.16/Modules/CheckFunctionExists.c
Linking C executable cmTC_50b0b
/usr/bin/cmake -E cmake_link_script CMakeFiles/cmTC_50b0b.dir/link.txt --verbose=1
/usr/bin/clang-12  -DCHECK_FUNCTION_EXISTS=pthread_create    CMakeFiles/cmTC_50b0b.dir/CheckFunctionExists.c.o  -o cmTC_50b0b  -lpthreads 
/usr/bin/ld: cannot find -lpthreads
clang: error: linker command failed with exit code 1 (use -v to see invocation)
make[1]: *** [CMakeFiles/cmTC_50b0b.dir/build.make:87: cmTC_50b0b] Error 1
make[1]: Leaving directory '/home/cyb/cmu15445/bustub-15445/build/CMakeFiles/CMakeTmp'
make: *** [Makefile:121: cmTC_50b0b/fast] Error 2



